<?xml version="1.0" encoding="UTF-8"?>
<!-- Generated by org.testng.reporters.JUnitXMLReporter -->
<testsuite ignored="2" hostname="DESKTOP-4KLERGK" failures="2" tests="2" name="Test" time="31.581" errors="0" timestamp="2025-05-31T15:48:08 IST">
  <testcase classname="computers.TC_HMS_010_TEST" name="clickOnComputers" time="1.835">
    <failure type="java.lang.AssertionError" message="expected [Demo Web Shop. Login] but found [Demo Web Shop. Computers]">
      <![CDATA[java.lang.AssertionError: expected [Demo Web Shop. Login] but found [Demo Web Shop. Computers]
at computers.TC_HMS_010_TEST.clickOnComputers(TC_HMS_010_TEST.java:22)
at java.base/java.util.ArrayList.forEach(ArrayList.java:1511)
... Removed 33 stack frames]]>
    </failure>
  </testcase> <!-- clickOnComputers -->
  <testcase classname="books.TC_HMS_001_TEST" name="clickOnBooks" time="1.804">
    <failure type="java.lang.AssertionError" message="expected [https://demowebshop.tricentis.] but found [https://demowebshop.tricentis.com/books]">
      <![CDATA[java.lang.AssertionError: expected [https://demowebshop.tricentis.] but found [https://demowebshop.tricentis.com/books]
at books.TC_HMS_001_TEST.clickOnBooks(TC_HMS_001_TEST.java:21)
at java.base/java.util.ArrayList.forEach(ArrayList.java:1511)
... Removed 33 stack frames]]>
    </failure>
  </testcase> <!-- clickOnBooks -->
  <testcase classname="genericutility.BaseClass" name="@AfterSuite reportBackup" time="0.0">
    <ignored/>
  </testcase> <!-- @AfterSuite reportBackup -->
  <testcase classname="genericutility.BaseClass" name="@BeforeSuite reportConfig" time="0.0">
    <ignored/>
  </testcase> <!-- @BeforeSuite reportConfig -->
</testsuite> <!-- Test -->
